2025-05-02 00:49:45,984 INFO: Application startup [in C:\Users\rishi\Desktop\portfolio\api\app.py:44]
2025-05-02 00:49:47,418 INFO: Starting server with 64 threads [in C:\Users\rishi\Desktop\portfolio\api\app.py:194]
2025-05-02 00:58:49,747 INFO: Starting server with 64 threads [in C:\Users\rishi\Desktop\portfolio\api\app.py:194]
2025-05-02 00:58:52,856 INFO: Starting server with 64 threads [in C:\Users\rishi\Desktop\portfolio\api\app.py:194]
2025-05-02 00:58:53,936 INFO: Starting server with 64 threads [in C:\Users\rishi\Desktop\portfolio\api\app.py:194]
2025-05-02 01:07:12,023 INFO: Application startup [in C:\Users\rishi\Desktop\portfolio\api\app.py:44]
2025-05-02 01:13:13,920 INFO: Application startup [in C:\Users\rishi\Desktop\portfolio\api\app.py:44]
2025-05-02 01:14:03,688 INFO: Application startup [in C:\Users\rishi\Desktop\portfolio\api\app.py:44]
2025-05-02 01:15:45,675 INFO: Application startup [in C:\Users\rishi\Desktop\portfolio\api\app.py:44]
2025-05-02 01:18:46,062 INFO: Application startup [in C:\Users\rishi\Desktop\portfolio\api\app.py:44]
2025-05-02 01:27:50,733 INFO: Application startup - Initializing server... [in C:\Users\rishi\Desktop\portfolio\api\app.py:54]
2025-05-02 01:27:50,733 INFO: Mail server configured [in C:\Users\rishi\Desktop\portfolio\api\app.py:68]
2025-05-02 01:27:50,735 INFO: Starting server on port 5000... [in C:\Users\rishi\Desktop\portfolio\api\app.py:183]
2025-05-02 01:27:50,736 INFO: Server is ready to accept connections [in C:\Users\rishi\Desktop\portfolio\api\app.py:184]
2025-05-02 01:30:29,266 INFO: Application startup - Initializing server... [in C:\Users\rishi\Desktop\portfolio\api\app.py:54]
2025-05-02 01:30:29,267 INFO: Mail server configured [in C:\Users\rishi\Desktop\portfolio\api\app.py:73]
2025-05-02 01:30:29,268 INFO: Starting server on port 5000... [in C:\Users\rishi\Desktop\portfolio\api\app.py:187]
2025-05-02 01:30:29,269 INFO: Server is ready to accept connections [in C:\Users\rishi\Desktop\portfolio\api\app.py:188]
2025-05-02 01:32:17,393 INFO: Application startup - Initializing server... [in C:\Users\rishi\Desktop\portfolio\api\app.py:54]
2025-05-02 01:32:17,408 INFO: Mail server configured [in C:\Users\rishi\Desktop\portfolio\api\app.py:76]
2025-05-02 01:32:17,411 INFO: Starting server on port 5000... [in C:\Users\rishi\Desktop\portfolio\api\app.py:180]
2025-05-02 01:32:17,413 INFO: Server is ready to accept connections [in C:\Users\rishi\Desktop\portfolio\api\app.py:181]
2025-05-02 01:38:09,882 INFO: Application startup - Initializing server... [in C:\Users\rishi\Desktop\portfolio\api\app.py:54]
2025-05-02 01:38:09,885 INFO: Mail server configured [in C:\Users\rishi\Desktop\portfolio\api\app.py:76]
2025-05-02 01:38:09,888 INFO: Starting server on port 5000... [in C:\Users\rishi\Desktop\portfolio\api\app.py:180]
2025-05-02 01:38:09,892 INFO: Server is ready to accept connections [in C:\Users\rishi\Desktop\portfolio\api\app.py:181]
